2025-03-02T20:42:52.053054Z 0 [Warning] [MY-010097] [Server] Insecure configuration for --secure-file-priv: Current value does not restrict location of generated files. Consider setting it to a valid, non-empty path.
2025-03-02T20:42:52.053109Z 0 [Warning] [MY-010918] [Server] 'default_authentication_plugin' is deprecated and will be removed in a future release. Please use authentication_policy instead.
2025-03-02T20:42:52.053144Z 0 [System] [MY-010116] [Server] C:\Project-for-webdev-Software\laragon\bin\mysql\mysql-8.0.30-winx64\bin\mysqld (mysqld 8.0.30) starting as process 27784
2025-03-02T20:42:52.099172Z 1 [System] [MY-013576] [InnoDB] InnoDB initialization has started.
2025-03-02T20:42:52.297155Z 1 [System] [MY-013577] [InnoDB] InnoDB initialization has ended.
2025-03-02T20:42:52.575919Z 0 [Warning] [MY-013829] [Server] Missing data directory for ICU regular expressions: C:\Project-for-webdev-Software\laragon\bin\mysql\mysql-8.0.30-winx64\lib\private\.
2025-03-02T20:42:52.579872Z 0 [Warning] [MY-010068] [Server] CA certificate ca.pem is self signed.
2025-03-02T20:42:52.580281Z 0 [System] [MY-013602] [Server] Channel mysql_main configured to support TLS. Encrypted connections are now supported for this channel.
2025-03-02T20:42:52.614149Z 0 [System] [MY-011323] [Server] X Plugin ready for connections. Bind-address: '::' port: 33060
2025-03-02T20:42:52.614161Z 0 [System] [MY-010931] [Server] C:\Project-for-webdev-Software\laragon\bin\mysql\mysql-8.0.30-winx64\bin\mysqld: ready for connections. Version: '8.0.30'  socket: ''  port: 3306  MySQL Community Server - GPL.
2025-03-10T09:21:07.323708Z 0 [Warning] [MY-010097] [Server] Insecure configuration for --secure-file-priv: Current value does not restrict location of generated files. Consider setting it to a valid, non-empty path.
2025-03-10T09:21:07.323777Z 0 [Warning] [MY-010918] [Server] 'default_authentication_plugin' is deprecated and will be removed in a future release. Please use authentication_policy instead.
2025-03-10T09:21:07.323829Z 0 [System] [MY-010116] [Server] C:\Users\chine\OneDrive\Documents\Project-for-webdev-Software\laragon\bin\mysql\mysql-8.0.30-winx64\bin\mysqld (mysqld 8.0.30) starting as process 25940
2025-03-10T09:21:07.386638Z 1 [System] [MY-013576] [InnoDB] InnoDB initialization has started.
2025-03-10T09:21:07.896005Z 1 [System] [MY-013577] [InnoDB] InnoDB initialization has ended.
2025-03-10T09:21:08.186496Z 0 [System] [MY-010229] [Server] Starting XA crash recovery...
2025-03-10T09:21:08.190749Z 0 [System] [MY-010232] [Server] XA crash recovery finished.
2025-03-10T09:21:08.288417Z 0 [Warning] [MY-013829] [Server] Missing data directory for ICU regular expressions: C:\Users\chine\OneDrive\Documents\Project-for-webdev-Software\laragon\bin\mysql\mysql-8.0.30-winx64\lib\private\.
2025-03-10T09:21:08.329126Z 0 [Warning] [MY-010068] [Server] CA certificate ca.pem is self signed.
2025-03-10T09:21:08.329643Z 0 [System] [MY-013602] [Server] Channel mysql_main configured to support TLS. Encrypted connections are now supported for this channel.
2025-03-10T09:21:08.391247Z 0 [System] [MY-011323] [Server] X Plugin ready for connections. Bind-address: '::' port: 33060
2025-03-10T09:21:08.391388Z 0 [System] [MY-010931] [Server] C:\Users\chine\OneDrive\Documents\Project-for-webdev-Software\laragon\bin\mysql\mysql-8.0.30-winx64\bin\mysqld: ready for connections. Version: '8.0.30'  socket: ''  port: 3306  MySQL Community Server - GPL.
2025-03-10T14:48:10.758087Z 1314 [System] [MY-013172] [Server] Received SHUTDOWN from user root. Shutting down mysqld (Version: 8.0.30).
2025-03-10T14:48:10.759806Z 0 [System] [MY-013105] [Server] C:\Users\chine\OneDrive\Documents\Project-for-webdev-Software\laragon\bin\mysql\mysql-8.0.30-winx64\bin\mysqld: Normal shutdown.
2025-03-10T14:48:12.025811Z 0 [System] [MY-010910] [Server] C:\Users\chine\OneDrive\Documents\Project-for-webdev-Software\laragon\bin\mysql\mysql-8.0.30-winx64\bin\mysqld: Shutdown complete (mysqld 8.0.30)  MySQL Community Server - GPL.
