::1 - - [17/Feb/2025:09:33:21 +0000] "GET / HTTP/1.1" 200 458
::1 - - [17/Feb/2025:09:33:21 +0000] "GET /img_la.jpg HTTP/1.1" 404 196
::1 - - [17/Feb/2025:09:33:21 +0000] "GET /favicon.ico HTTP/1.1" 404 196
::1 - - [17/Feb/2025:09:36:25 +0000] "GET /productDescV1.php HTTP/1.1" 200 678
::1 - - [17/Feb/2025:09:36:25 +0000] "GET /img_la.jpg HTTP/1.1" 404 196
::1 - - [17/Feb/2025:09:36:25 +0000] "GET /pro1 HTTP/1.1" 404 196
::1 - - [17/Feb/2025:09:36:25 +0000] "GET /pro2 HTTP/1.1" 404 196
::1 - - [17/Feb/2025:09:36:25 +0000] "GET /pro3 HTTP/1.1" 404 196
::1 - - [17/Feb/2025:10:14:04 +0000] "GET / HTTP/1.1" 200 458
::1 - - [17/Feb/2025:10:14:04 +0000] "GET /img_la.jpg HTTP/1.1" 404 196
::1 - - [17/Feb/2025:10:20:01 +0000] "GET / HTTP/1.1" 200 474
::1 - - [17/Feb/2025:10:25:45 +0000] "GET / HTTP/1.1" 200 474
::1 - - [17/Feb/2025:10:26:05 +0000] "GET /tournament HTTP/1.1" 404 196
::1 - - [17/Feb/2025:10:26:10 +0000] "GET /tournament.php HTTP/1.1" 200 735
::1 - - [17/Feb/2025:10:26:11 +0000] "GET /img_la.jpg HTTP/1.1" 404 196
::1 - - [17/Feb/2025:10:26:38 +0000] "GET /tournament.php HTTP/1.1" 200 694
::1 - - [17/Feb/2025:10:26:38 +0000] "GET /img_la.jpg HTTP/1.1" 404 196
::1 - - [17/Feb/2025:10:27:19 +0000] "GET /tournament.php HTTP/1.1" 200 696
::1 - - [17/Feb/2025:10:27:19 +0000] "GET /img_la.jpg HTTP/1.1" 404 196
::1 - - [17/Feb/2025:10:32:06 +0000] "GET /tournament.php HTTP/1.1" 200 626
::1 - - [17/Feb/2025:10:32:06 +0000] "GET /img_la.jpg HTTP/1.1" 404 196
::1 - - [17/Feb/2025:10:33:20 +0000] "GET /tournament.php HTTP/1.1" 200 600
::1 - - [17/Feb/2025:10:33:20 +0000] "GET /img_la.jpg HTTP/1.1" 404 196
::1 - - [17/Feb/2025:10:36:49 +0000] "GET / HTTP/1.1" 200 474
::1 - - [17/Feb/2025:10:36:57 +0000] "GET /tournament.php HTTP/1.1" 200 601
::1 - - [17/Feb/2025:10:36:57 +0000] "GET /img_la.jpg HTTP/1.1" 404 196
::1 - - [17/Feb/2025:10:48:00 +0000] "GET / HTTP/1.1" 200 474
::1 - - [17/Feb/2025:10:48:10 +0000] "GET /tournamentCreation.php HTTP/1.1" 200 428
::1 - - [17/Feb/2025:10:48:34 +0000] "GET /tournamentCreation.php HTTP/1.1" 200 456
::1 - - [17/Feb/2025:10:49:16 +0000] "GET /tournamentCreation.php HTTP/1.1" 200 512
::1 - - [17/Feb/2025:10:49:27 +0000] "GET /tournamentCreation.php HTTP/1.1" 200 522
::1 - - [17/Feb/2025:10:49:45 +0000] "GET /tournamentCreation.php HTTP/1.1" 200 551
::1 - - [17/Feb/2025:10:49:55 +0000] "GET /tournamentCreation.php HTTP/1.1" 200 562
::1 - - [17/Feb/2025:10:49:57 +0000] "GET /tournamentCreation.php? HTTP/1.1" 200 562
::1 - - [17/Feb/2025:10:49:57 +0000] "GET /tournamentCreation.php? HTTP/1.1" 200 562
::1 - - [17/Feb/2025:10:49:57 +0000] "GET /tournamentCreation.php? HTTP/1.1" 200 562
10.9.215.242 - - [17/Feb/2025:11:03:02 +0000] "GET / HTTP/1.0" 200 474
::1 - - [23/Feb/2025:18:28:00 +0000] "GET / HTTP/1.1" 200 474
::1 - - [23/Feb/2025:18:32:13 +0000] "GET / HTTP/1.1" 200 495
::1 - - [23/Feb/2025:18:37:24 +0000] "GET / HTTP/1.1" 200 444
::1 - - [23/Feb/2025:18:38:24 +0000] "GET / HTTP/1.1" 200 451
::1 - - [23/Feb/2025:18:38:25 +0000] "GET / HTTP/1.1" 200 451
::1 - - [23/Feb/2025:18:38:42 +0000] "GET / HTTP/1.1" 200 451
::1 - - [23/Feb/2025:18:38:43 +0000] "GET / HTTP/1.1" 200 451
::1 - - [23/Feb/2025:18:38:57 +0000] "GET / HTTP/1.1" 200 451
::1 - - [23/Feb/2025:18:39:12 +0000] "GET / HTTP/1.1" 200 451
::1 - - [23/Feb/2025:18:39:56 +0000] "GET / HTTP/1.1" 200 473
::1 - - [23/Feb/2025:18:39:58 +0000] "GET /www.google.com HTTP/1.1" 404 196
::1 - - [23/Feb/2025:18:40:42 +0000] "GET / HTTP/1.1" 200 567
::1 - - [23/Feb/2025:18:41:59 +0000] "GET / HTTP/1.1" 200 615
::1 - - [23/Feb/2025:18:42:08 +0000] "GET /www.google.com HTTP/1.1" 404 196
::1 - - [23/Feb/2025:18:42:10 +0000] "GET /www.google.com HTTP/1.1" 404 196
::1 - - [23/Feb/2025:18:42:12 +0000] "GET /www.google.com HTTP/1.1" 404 196
::1 - - [23/Feb/2025:18:43:26 +0000] "GET / HTTP/1.1" 200 691
::1 - - [23/Feb/2025:18:43:28 +0000] "GET /tournament.php HTTP/1.1" 200 641
::1 - - [23/Feb/2025:18:43:28 +0000] "GET /img_la.jpg HTTP/1.1" 404 196
::1 - - [23/Feb/2025:18:46:43 +0000] "GET /tournament.php HTTP/1.1" 200 651
::1 - - [23/Feb/2025:18:47:05 +0000] "GET /tournament.php HTTP/1.1" 200 667
::1 - - [23/Feb/2025:18:47:20 +0000] "GET /tournament.php HTTP/1.1" 200 667
::1 - - [23/Feb/2025:18:47:22 +0000] "GET /tournament.php HTTP/1.1" 200 667
::1 - - [23/Feb/2025:18:47:27 +0000] "GET /tournament.php HTTP/1.1" 200 680
::1 - - [23/Feb/2025:18:47:38 +0000] "GET /tournament.php HTTP/1.1" 200 680
::1 - - [23/Feb/2025:18:47:39 +0000] "GET /tournament.php HTTP/1.1" 200 680
::1 - - [23/Feb/2025:18:47:39 +0000] "GET /tournament.php HTTP/1.1" 200 680
::1 - - [23/Feb/2025:18:47:46 +0000] "GET /tournament.php HTTP/1.1" 200 684
