[Mon Feb 17 09:32:55.611284 2025] [mpm_winnt:notice] [pid 17052:tid 412] AH00455: Apache/2.4.62 (Win64) OpenSSL/3.0.15 PHP/8.3.16 configured -- resuming normal operations
[Mon Feb 17 09:32:55.611284 2025] [mpm_winnt:notice] [pid 17052:tid 412] AH00456: Apache Lounge VS17 Server built: Sep  4 2024 10:31:52
[Mon Feb 17 09:32:55.611284 2025] [core:notice] [pid 17052:tid 412] AH00094: Command line: 'C:\\Project-for-webdev-Software\\laragon\\bin\\apache\\httpd-2.4.62-240904-win64-VS17\\bin\\httpd -d C:/Project-for-webdev-Software/laragon/bin/apache/httpd-2.4.62-240904-win64-VS17'
[Mon Feb 17 09:32:55.620469 2025] [mpm_winnt:notice] [pid 17052:tid 412] AH00418: Parent: Created child process 23144
Apache server interrupted...
025] [mpm_winnt:notice] [pid 23144:tid 412] AH00354: Child: Starting 64 worker threads.
[Mon Feb 17 10:13:29.601266 2025] [mpm_winnt:notice] [pid 17052:tid 412] AH00422: Parent: Received shutdown signal -- Shutting down the server.
[Mon Feb 17 10:13:55.263966 2025] [core:warn] [pid 26848:tid 380] AH00098: pid file C:/Project-for-webdev-Software/laragon/bin/apache/httpd-2.4.62-240904-win64-VS17/logs/httpd.pid overwritten -- Unclean shutdown of previous Apache run?
[Mon Feb 17 10:13:55.313093 2025] [mpm_winnt:notice] [pid 26848:tid 380] AH00455: Apache/2.4.62 (Win64) OpenSSL/3.0.15 PHP/8.3.16 configured -- resuming normal operations
[Mon Feb 17 10:13:55.313093 2025] [mpm_winnt:notice] [pid 26848:tid 380] AH00456: Apache Lounge VS17 Server built: Sep  4 2024 10:31:52
[Mon Feb 17 10:13:55.313093 2025] [core:notice] [pid 26848:tid 380] AH00094: Command line: 'C:\\Project-for-webdev-Software\\laragon\\bin\\apache\\httpd-2.4.62-240904-win64-VS17\\bin\\httpd -d C:/Project-for-webdev-Software/laragon/bin/apache/httpd-2.4.62-240904-win64-VS17'
[Mon Feb 17 10:13:55.317070 2025] [mpm_winnt:notice] [pid 26848:tid 380] AH00418: Parent: Created child process 8992
Apache server interrupted...
025] [mpm_winnt:notice] [pid 8992:tid 380] AH00354: Child: Starting 64 worker threads.
[Tue Feb 18 17:18:16.156524 2025] [mpm_winnt:notice] [pid 26848:tid 380] AH00422: Parent: Received shutdown signal -- Shutting down the server.
[Tue Feb 18 17:18:18.171170 2025] [mpm_winnt:notice] [pid 8992:tid 380] AH00364: Child: All worker threads have exited.
[Sun Feb 23 18:27:53.753156 2025] [core:warn] [pid 18136:tid 352] AH00098: pid file C:/Project-for-webdev-Software/laragon/bin/apache/httpd-2.4.62-240904-win64-VS17/logs/httpd.pid overwritten -- Unclean shutdown of previous Apache run?
[Sun Feb 23 18:27:54.069148 2025] [mpm_winnt:notice] [pid 18136:tid 352] AH00455: Apache/2.4.62 (Win64) OpenSSL/3.0.15 PHP/8.3.16 configured -- resuming normal operations
[Sun Feb 23 18:27:54.069148 2025] [mpm_winnt:notice] [pid 18136:tid 352] AH00456: Apache Lounge VS17 Server built: Sep  4 2024 10:31:52
[Sun Feb 23 18:27:54.069148 2025] [core:notice] [pid 18136:tid 352] AH00094: Command line: 'C:\\Project-for-webdev-Software\\laragon\\bin\\apache\\httpd-2.4.62-240904-win64-VS17\\bin\\httpd -d C:/Project-for-webdev-Software/laragon/bin/apache/httpd-2.4.62-240904-win64-VS17'
[Sun Feb 23 18:27:54.072461 2025] [mpm_winnt:notice] [pid 18136:tid 352] AH00418: Parent: Created child process 18356
[Sun Feb 23 18:27:54.354903 2025] [mpm_winnt:notice] [pid 18356:tid 348] AH00354: Child: Starting 64 worker threads.
