4b24 start_logger              154 ---- 2025/03/10 09:21:02.056 -------------------------------------------------
4b24 start_logger              160 Host process is 'cmd.exe' (pid 19236)
4b24 start_logger              164 DLL path is 'C:\Users\chine\OneDrive\Documents\Project-for-webdev-Software\laragon\bin\cmder\vendor\clink'
4b24 start_logger              178 Windows version 10.0.22631 (x64)
4b24 start_logger              181 Clink version 1.2.46.69fc92 (x64)
4b24 hook_setter::hook_setter  156 >>> Started hook transaction.
4b24 hook_setter::attach_iat   313 Attempting to hook SetEnvironmentVariableW in IAT for module 00007FF7EED10000.
4b24 pe_info::iterate_imports  160 Found import in 'api-ms-win-core-processenvironment-l1-1-0.dll'
4b24 find_iat                  121 Found import at 00007FF7EED46E98 (value is 00007FFE48C891B0).
4b24 hook_setter::attach_iat   313 Attempting to hook WriteConsoleW in IAT for module 00007FF7EED10000.
4b24 pe_info::iterate_imports  160 Found import in 'api-ms-win-core-console-l1-1-0.dll'
4b24 find_iat                  121 Found import at 00007FF7EED46AF0 (value is 00007FFE48C53130).
4b24 hook_setter::attach_iat   313 Attempting to hook GetEnvironmentVariableW in IAT for module 00007FF7EED10000.
4b24 pe_info::iterate_imports  160 Found import in 'api-ms-win-core-processenvironment-l1-1-0.dll'
4b24 find_iat                  121 Found import at 00007FF7EED46E68 (value is 00007FFE48C3BAA0).
4b24 hook_setter::commit       204 <<< Hook transaction committed.
4b24 hook_setter::hook_setter  156 >>> Started hook transaction.
4b24 hook_setter::detach_iat   356 Attempting to unhook 00007FFDE65BADF0 from GetEnvironmentVariableW in IAT for module 00007FF7EED10000.
4b24 pe_info::iterate_imports  160 Found import in 'api-ms-win-core-processenvironment-l1-1-0.dll'
4b24 find_iat                  121 Found import at 00007FF7EED46E68 (value is 00007FFDE65BADF0).
4b24 hook_setter::commit       204 <<< Hook transaction committed.
4b24 hook_setter::hook_setter  156 >>> Started hook transaction.
4b24 hook_setter::attach_iat   313 Attempting to hook ReadConsoleW in IAT for module 00007FF7EED10000.
4b24 pe_info::iterate_imports  160 Found import in 'api-ms-win-core-console-l1-1-0.dll'
4b24 find_iat                  121 Found import at 00007FF7EED46AE8 (value is 00007FFE48CBEC10).
4b24 hook_setter::commit       204 <<< Hook transaction committed.
4b24 reset_handle              145 resetting mismatched stdin handle
4b24 reset_handle              145 resetting mismatched stdout handle
4b24 reset_handle              145 resetting mismatched stderr handle
4b24 win_screen_buffer::begin  227 Using native terminal support; found 'ConEmuHk64.dll'.
4b24 reset_handle              145 resetting mismatched stdout handle
4b24 reset_handle              145 resetting mismatched stderr handle
4b24 history_db::initialise   1268 master bank ctag: |CTAG_1663167284_18455859_4204_0
4b24 history_db::compact      1492 History:  0 active, 0 deleted
