2025-02-17T09:32:30.810270Z 0 [System] [MY-015015] [Server] MySQL Server - start.
2025-02-17T09:32:30.912446Z 0 [Warning] [MY-010097] [Server] Insecure configuration for --secure-file-priv: Current value does not restrict location of generated files. Consider setting it to a valid, non-empty path.
2025-02-17T09:32:30.912502Z 0 [System] [MY-010116] [Server] C:\Project-for-webdev-Software\laragon\bin\mysql\mysql-8.4.3-winx64\bin\mysqld (mysqld 8.4.3) starting as process 20540
2025-02-17T09:32:30.958043Z 1 [System] [MY-013576] [InnoDB] InnoDB initialization has started.
2025-02-17T09:32:31.278632Z 1 [System] [MY-013577] [InnoDB] InnoDB initialization has ended.
2025-02-17T09:32:31.674173Z 0 [Warning] [MY-013829] [Server] Missing data directory for ICU regular expressions: C:\Project-for-webdev-Software\laragon\bin\mysql\mysql-8.4.3-winx64\lib\private\.
2025-02-17T09:32:31.688132Z 0 [Warning] [MY-010068] [Server] CA certificate ca.pem is self signed.
2025-02-17T09:32:31.688581Z 0 [System] [MY-013602] [Server] Channel mysql_main configured to support TLS. Encrypted connections are now supported for this channel.
2025-02-17T09:32:31.730885Z 0 [System] [MY-011323] [Server] X Plugin ready for connections. Bind-address: '::' port: 33060
2025-02-17T09:32:31.731076Z 0 [System] [MY-010931] [Server] C:\Project-for-webdev-Software\laragon\bin\mysql\mysql-8.4.3-winx64\bin\mysqld: ready for connections. Version: '8.4.3'  socket: ''  port: 3306  MySQL Community Server - GPL.
2025-02-17T09:32:54.663524Z 0 [System] [MY-015015] [Server] MySQL Server - start.
2025-02-17T09:32:54.765413Z 0 [Warning] [MY-010097] [Server] Insecure configuration for --secure-file-priv: Current value does not restrict location of generated files. Consider setting it to a valid, non-empty path.
2025-02-17T09:32:54.765485Z 0 [System] [MY-010116] [Server] C:\Project-for-webdev-Software\laragon\bin\mysql\mysql-8.4.3-winx64\bin\mysqld (mysqld 8.4.3) starting as process 2796
2025-02-17T09:32:54.807182Z 1 [System] [MY-013576] [InnoDB] InnoDB initialization has started.
2025-02-17T09:32:54.809043Z 1 [ERROR] [MY-012271] [InnoDB] The innodb_system data file 'ibdata1' must be writable
2025-02-17T09:32:54.809595Z 1 [ERROR] [MY-012278] [InnoDB] The innodb_system data file 'ibdata1' must be writable
2025-02-17T09:32:54.810113Z 1 [ERROR] [MY-010334] [Server] Failed to initialize DD Storage Engine
2025-02-17T09:32:54.811032Z 0 [ERROR] [MY-010020] [Server] Data Dictionary initialization failed.
2025-02-17T09:32:54.811588Z 0 [ERROR] [MY-010119] [Server] Aborting
2025-02-17T09:32:54.816322Z 0 [System] [MY-010910] [Server] C:\Project-for-webdev-Software\laragon\bin\mysql\mysql-8.4.3-winx64\bin\mysqld: Shutdown complete (mysqld 8.4.3)  MySQL Community Server - GPL.
2025-02-17T09:32:54.817435Z 0 [System] [MY-015016] [Server] MySQL Server - end.
2025-02-17T10:13:27.061915Z 8 [System] [MY-013172] [Server] Received SHUTDOWN from user root. Shutting down mysqld (Version: 8.4.3).
2025-02-17T10:13:27.063344Z 0 [System] [MY-013105] [Server] C:\Project-for-webdev-Software\laragon\bin\mysql\mysql-8.4.3-winx64\bin\mysqld: Normal shutdown.
2025-02-17T10:13:27.707402Z 0 [System] [MY-010910] [Server] C:\Project-for-webdev-Software\laragon\bin\mysql\mysql-8.4.3-winx64\bin\mysqld: Shutdown complete (mysqld 8.4.3)  MySQL Community Server - GPL.
2025-02-17T10:13:27.708901Z 0 [System] [MY-015016] [Server] MySQL Server - end.
2025-02-17T10:13:54.961607Z 0 [System] [MY-015015] [Server] MySQL Server - start.
2025-02-17T10:13:55.049096Z 0 [Warning] [MY-010097] [Server] Insecure configuration for --secure-file-priv: Current value does not restrict location of generated files. Consider setting it to a valid, non-empty path.
2025-02-17T10:13:55.049145Z 0 [System] [MY-010116] [Server] C:\Project-for-webdev-Software\laragon\bin\mysql\mysql-8.4.3-winx64\bin\mysqld (mysqld 8.4.3) starting as process 1824
2025-02-17T10:13:55.075968Z 1 [System] [MY-013576] [InnoDB] InnoDB initialization has started.
2025-02-17T10:13:55.391023Z 1 [System] [MY-013577] [InnoDB] InnoDB initialization has ended.
2025-02-17T10:13:55.622920Z 0 [Warning] [MY-013829] [Server] Missing data directory for ICU regular expressions: C:\Project-for-webdev-Software\laragon\bin\mysql\mysql-8.4.3-winx64\lib\private\.
2025-02-17T10:13:55.635579Z 0 [Warning] [MY-010068] [Server] CA certificate ca.pem is self signed.
2025-02-17T10:13:55.636209Z 0 [System] [MY-013602] [Server] Channel mysql_main configured to support TLS. Encrypted connections are now supported for this channel.
2025-02-17T10:13:55.696980Z 0 [System] [MY-011323] [Server] X Plugin ready for connections. Bind-address: '::' port: 33060
2025-02-17T10:13:55.697209Z 0 [System] [MY-010931] [Server] C:\Project-for-webdev-Software\laragon\bin\mysql\mysql-8.4.3-winx64\bin\mysqld: ready for connections. Version: '8.4.3'  socket: ''  port: 3306  MySQL Community Server - GPL.
