::1 - - [02/Mar/2025:20:45:35 +0000] "GET / HTTP/1.1" 200 691
::1 - - [02/Mar/2025:20:48:44 +0000] "GET /phpmyadmin/ HTTP/1.1" 200 4521
::1 - - [02/Mar/2025:20:48:45 +0000] "GET /phpmyadmin/themes/pmahomme/jquery/jquery-ui.css HTTP/1.1" 200 36566
::1 - - [02/Mar/2025:20:48:45 +0000] "GET /phpmyadmin/js/vendor/codemirror/lib/codemirror.css?v=5.2.2 HTTP/1.1" 200 8720
::1 - - [02/Mar/2025:20:48:45 +0000] "GET /phpmyadmin/js/vendor/sprintf.js?v=5.2.2 HTTP/1.1" 200 7360
::1 - - [02/Mar/2025:20:48:45 +0000] "GET /phpmyadmin/js/vendor/codemirror/addon/hint/show-hint.css?v=5.2.2 HTTP/1.1" 200 649
::1 - - [02/Mar/2025:20:48:45 +0000] "GET /phpmyadmin/js/vendor/codemirror/addon/lint/lint.css?v=5.2.2 HTTP/1.1" 200 3035
::1 - - [02/Mar/2025:20:48:45 +0000] "GET /phpmyadmin/js/dist/keyhandler.js?v=5.2.2 HTTP/1.1" 200 2059
::1 - - [02/Mar/2025:20:48:45 +0000] "GET /phpmyadmin/js/vendor/jquery/jquery-migrate.min.js?v=5.2.2 HTTP/1.1" 200 13992
::1 - - [02/Mar/2025:20:48:45 +0000] "GET /phpmyadmin/js/vendor/jquery/jquery-ui.min.js?v=5.2.2 HTTP/1.1" 200 254963
::1 - - [02/Mar/2025:20:48:45 +0000] "GET /phpmyadmin/js/vendor/jquery/jquery.min.js?v=5.2.2 HTTP/1.1" 200 87533
::1 - - [02/Mar/2025:20:48:45 +0000] "GET /phpmyadmin/themes/pmahomme/css/theme.css?v=5.2.2 HTTP/1.1" 200 401476
::1 - - [02/Mar/2025:20:48:45 +0000] "GET /phpmyadmin/js/dist/name-conflict-fixes.js?v=5.2.2 HTTP/1.1" 200 43
::1 - - [02/Mar/2025:20:48:45 +0000] "GET /phpmyadmin/js/dist/ajax.js?v=5.2.2 HTTP/1.1" 200 30022
::1 - - [02/Mar/2025:20:48:45 +0000] "GET /phpmyadmin/js/vendor/jquery/jquery-ui-timepicker-addon.js?v=5.2.2 HTTP/1.1" 200 78475
::1 - - [02/Mar/2025:20:48:45 +0000] "GET /phpmyadmin/js/vendor/bootstrap/bootstrap.bundle.min.js?v=5.2.2 HTTP/1.1" 200 80721
::1 - - [02/Mar/2025:20:48:45 +0000] "GET /phpmyadmin/js/vendor/js.cookie.js?v=5.2.2 HTTP/1.1" 200 3883
::1 - - [02/Mar/2025:20:48:45 +0000] "GET /phpmyadmin/js/vendor/jquery/jquery.validate.min.js?v=5.2.2 HTTP/1.1" 200 25308
::1 - - [02/Mar/2025:20:48:45 +0000] "GET /phpmyadmin/js/vendor/jquery/jquery.debounce-1.0.6.js?v=5.2.2 HTTP/1.1" 200 1608
::1 - - [02/Mar/2025:20:48:45 +0000] "GET /phpmyadmin/js/dist/menu_resizer.js?v=5.2.2 HTTP/1.1" 200 5729
::1 - - [02/Mar/2025:20:48:45 +0000] "GET /phpmyadmin/js/dist/config.js?v=5.2.2 HTTP/1.1" 200 24059
::1 - - [02/Mar/2025:20:48:45 +0000] "GET /phpmyadmin/js/dist/doclinks.js?v=5.2.2 HTTP/1.1" 200 18276
::1 - - [02/Mar/2025:20:48:45 +0000] "GET /phpmyadmin/js/dist/cross_framing_protection.js?v=5.2.2 HTTP/1.1" 200 405
::1 - - [02/Mar/2025:20:48:45 +0000] "GET /phpmyadmin/js/dist/navigation.js?v=5.2.2 HTTP/1.1" 200 51823
::1 - - [02/Mar/2025:20:48:45 +0000] "GET /phpmyadmin/js/dist/indexes.js?v=5.2.2 HTTP/1.1" 200 27180
::1 - - [02/Mar/2025:20:48:45 +0000] "GET /phpmyadmin/js/dist/functions.js?v=5.2.2 HTTP/1.1" 200 149833
::1 - - [02/Mar/2025:20:48:45 +0000] "GET /phpmyadmin/js/dist/common.js?v=5.2.2 HTTP/1.1" 200 4530
::1 - - [02/Mar/2025:20:48:45 +0000] "GET /phpmyadmin/js/dist/page_settings.js?v=5.2.2 HTTP/1.1" 200 1818
::1 - - [02/Mar/2025:20:48:45 +0000] "GET /phpmyadmin/js/vendor/codemirror/lib/codemirror.js?v=5.2.2 HTTP/1.1" 200 401653
::1 - - [02/Mar/2025:20:48:45 +0000] "GET /phpmyadmin/js/vendor/codemirror/mode/sql/sql.js?v=5.2.2 HTTP/1.1" 200 59564
::1 - - [02/Mar/2025:20:48:45 +0000] "GET /phpmyadmin/js/vendor/codemirror/addon/hint/sql-hint.js?v=5.2.2 HTTP/1.1" 200 9560
::1 - - [02/Mar/2025:20:48:45 +0000] "GET /phpmyadmin/js/vendor/codemirror/addon/hint/show-hint.js?v=5.2.2 HTTP/1.1" 200 19792
::1 - - [02/Mar/2025:20:48:45 +0000] "GET /phpmyadmin/js/vendor/codemirror/addon/runmode/runmode.js?v=5.2.2 HTTP/1.1" 200 2777
::1 - - [02/Mar/2025:20:48:45 +0000] "GET /phpmyadmin/js/vendor/codemirror/addon/lint/lint.js?v=5.2.2 HTTP/1.1" 200 9987
::1 - - [02/Mar/2025:20:48:45 +0000] "GET /phpmyadmin/js/dist/codemirror/addon/lint/sql-lint.js?v=5.2.2 HTTP/1.1" 200 968
::1 - - [02/Mar/2025:20:48:45 +0000] "GET /phpmyadmin/js/dist/error_report.js?v=5.2.2 HTTP/1.1" 200 9264
::1 - - [02/Mar/2025:20:48:45 +0000] "GET /phpmyadmin/js/dist/shortcuts_handler.js?v=5.2.2 HTTP/1.1" 200 3303
::1 - - [02/Mar/2025:20:48:45 +0000] "GET /phpmyadmin/js/vendor/tracekit.js?v=5.2.2 HTTP/1.1" 200 48455
::1 - - [02/Mar/2025:20:48:45 +0000] "GET /phpmyadmin/js/dist/drag_drop_import.js?v=5.2.2 HTTP/1.1" 200 12430
::1 - - [02/Mar/2025:20:48:45 +0000] "GET /phpmyadmin/themes/dot.gif HTTP/1.1" 200 43
::1 - - [02/Mar/2025:20:48:45 +0000] "GET /phpmyadmin/themes/pmahomme/img/logo_right.png HTTP/1.1" 200 4306
::1 - - [02/Mar/2025:20:48:45 +0000] "GET /phpmyadmin/js/dist/console.js?v=5.2.2 HTTP/1.1" 200 49660
::1 - - [02/Mar/2025:20:48:45 +0000] "GET /phpmyadmin/js/messages.php?l=en_GB&v=5.2.2&lang=en_GB HTTP/1.1" 200 7939
::1 - - [02/Mar/2025:20:48:45 +0000] "GET /phpmyadmin/themes/pmahomme/img/b_help.png HTTP/1.1" 200 705
::1 - - [02/Mar/2025:20:48:45 +0000] "GET /phpmyadmin/favicon.ico HTTP/1.1" 200 22486
::1 - - [02/Mar/2025:20:48:52 +0000] "POST /phpmyadmin/index.php?route=/ HTTP/1.1" 302 20
::1 - - [02/Mar/2025:20:48:52 +0000] "GET /phpmyadmin/index.php?route=/ HTTP/1.1" 200 17065
::1 - - [02/Mar/2025:20:48:53 +0000] "GET /phpmyadmin/themes/pmahomme/img/logo_left.png HTTP/1.1" 200 2713
::1 - - [02/Mar/2025:20:48:53 +0000] "GET /phpmyadmin/js/dist/home.js?v=5.2.2 HTTP/1.1" 200 5552
::1 - - [02/Mar/2025:20:48:53 +0000] "GET /phpmyadmin/js/messages.php?l=en_GB&v=5.2.2 HTTP/1.1" 200 7939
::1 - - [02/Mar/2025:20:48:53 +0000] "GET /phpmyadmin/themes/pmahomme/img/s_loggoff.png HTTP/1.1" 200 626
::1 - - [02/Mar/2025:20:48:53 +0000] "GET /phpmyadmin/themes/pmahomme/img/b_home.png HTTP/1.1" 200 734
::1 - - [02/Mar/2025:20:48:53 +0000] "GET /phpmyadmin/themes/pmahomme/img/b_docs.png HTTP/1.1" 200 705
::1 - - [02/Mar/2025:20:48:53 +0000] "GET /phpmyadmin/themes/pmahomme/img/b_sqlhelp.png HTTP/1.1" 200 512
::1 - - [02/Mar/2025:20:48:53 +0000] "GET /phpmyadmin/themes/pmahomme/img/s_reload.png HTTP/1.1" 200 527
::1 - - [02/Mar/2025:20:48:53 +0000] "GET /phpmyadmin/themes/pmahomme/img/s_cog.png HTTP/1.1" 200 442
::1 - - [02/Mar/2025:20:48:53 +0000] "GET /phpmyadmin/themes/pmahomme/img/s_collapseall.png HTTP/1.1" 200 143
::1 - - [02/Mar/2025:20:48:53 +0000] "GET /phpmyadmin/themes/pmahomme/img/s_link.png HTTP/1.1" 200 280
::1 - - [02/Mar/2025:20:48:53 +0000] "GET /phpmyadmin/themes/pmahomme/img/b_newdb.png HTTP/1.1" 200 585
::1 - - [02/Mar/2025:20:48:53 +0000] "GET /phpmyadmin/themes/pmahomme/img/b_plus.png HTTP/1.1" 200 143
::1 - - [02/Mar/2025:20:48:53 +0000] "GET /phpmyadmin/themes/pmahomme/img/s_db.png HTTP/1.1" 200 328
::1 - - [02/Mar/2025:20:48:53 +0000] "GET /phpmyadmin/themes/pmahomme/img/s_host.png HTTP/1.1" 200 591
::1 - - [02/Mar/2025:20:48:53 +0000] "GET /phpmyadmin/themes/pmahomme/img/b_sql.png HTTP/1.1" 200 680
::1 - - [02/Mar/2025:20:48:53 +0000] "GET /phpmyadmin/themes/pmahomme/img/s_status.png HTTP/1.1" 200 600
::1 - - [02/Mar/2025:20:48:53 +0000] "GET /phpmyadmin/themes/pmahomme/img/s_rights.png HTTP/1.1" 200 461
::1 - - [02/Mar/2025:20:48:53 +0000] "GET /phpmyadmin/themes/pmahomme/img/b_plugin.png HTTP/1.1" 200 512
::1 - - [02/Mar/2025:20:48:53 +0000] "GET /phpmyadmin/themes/pmahomme/img/b_export.png HTTP/1.1" 200 514
::1 - - [02/Mar/2025:20:48:53 +0000] "GET /phpmyadmin/themes/pmahomme/img/s_top.png HTTP/1.1" 200 220
::1 - - [02/Mar/2025:20:48:53 +0000] "GET /phpmyadmin/themes/pmahomme/img/b_engine.png HTTP/1.1" 200 398
::1 - - [02/Mar/2025:20:48:53 +0000] "GET /phpmyadmin/themes/pmahomme/img/b_tblops.png HTTP/1.1" 200 537
::1 - - [02/Mar/2025:20:48:53 +0000] "GET /phpmyadmin/themes/pmahomme/img/s_tbl.png HTTP/1.1" 200 645
::1 - - [02/Mar/2025:20:48:53 +0000] "GET /phpmyadmin/themes/pmahomme/img/s_attention.png HTTP/1.1" 200 567
::1 - - [02/Mar/2025:20:48:53 +0000] "GET /phpmyadmin/themes/pmahomme/img/s_lang.png HTTP/1.1" 200 659
::1 - - [02/Mar/2025:20:48:53 +0000] "GET /phpmyadmin/themes/pmahomme/img/s_passwd.png HTTP/1.1" 200 331
::1 - - [02/Mar/2025:20:48:53 +0000] "GET /phpmyadmin/themes/pmahomme/img/b_import.png HTTP/1.1" 200 556
::1 - - [02/Mar/2025:20:48:53 +0000] "GET /phpmyadmin/themes/pmahomme/img/s_vars.png HTTP/1.1" 200 523
::1 - - [02/Mar/2025:20:48:53 +0000] "GET /phpmyadmin/themes/pmahomme/img/s_notice.png HTTP/1.1" 200 567
::1 - - [02/Mar/2025:20:48:53 +0000] "GET /phpmyadmin/themes/pmahomme/img/s_theme.png HTTP/1.1" 200 772
::1 - - [02/Mar/2025:20:48:53 +0000] "GET /phpmyadmin/themes/pmahomme/img/s_replication.png HTTP/1.1" 200 399
::1 - - [02/Mar/2025:20:48:53 +0000] "GET /phpmyadmin/themes/pmahomme/img/s_asci.png HTTP/1.1" 200 148
::1 - - [02/Mar/2025:20:48:53 +0000] "GET /phpmyadmin/themes/pmahomme/img/console.png HTTP/1.1" 200 292
::1 - - [02/Mar/2025:20:48:53 +0000] "GET /phpmyadmin/themes/pmahomme/img/window-new.png HTTP/1.1" 200 468
::1 - - [02/Mar/2025:20:48:53 +0000] "POST /phpmyadmin/index.php?route=/config/get HTTP/1.1" 200 1498
::1 - - [02/Mar/2025:20:48:53 +0000] "POST /phpmyadmin/index.php?route=/navigation&ajax_request=1 HTTP/1.1" 200 2192
::1 - - [02/Mar/2025:20:48:53 +0000] "POST /phpmyadmin/index.php?route=/config/get HTTP/1.1" 200 1590
::1 - - [02/Mar/2025:20:48:53 +0000] "POST /phpmyadmin/index.php?route=/version-check HTTP/1.1" 200 64
::1 - - [02/Mar/2025:20:48:53 +0000] "POST /phpmyadmin/index.php?route=/config/set HTTP/1.1" 200 1489
::1 - - [02/Mar/2025:20:50:24 +0000] "GET /phpmyadmin/themes/pmahomme/img/ajax_clock_small.gif HTTP/1.1" 200 1810
::1 - - [02/Mar/2025:20:50:24 +0000] "GET /phpmyadmin/index.php?route=/server/databases&ajax_request=true&ajax_page_request=true&_nocache=1740948624218222835&token=477a7e21652e28747b63724d41536759 HTTP/1.1" 200 7543
::1 - - [02/Mar/2025:20:50:24 +0000] "GET /phpmyadmin/themes/pmahomme/img/b_deltbl.png HTTP/1.1" 200 577
::1 - - [02/Mar/2025:20:50:24 +0000] "GET /phpmyadmin/themes/pmahomme/img/b_search.png HTTP/1.1" 200 538
::1 - - [02/Mar/2025:20:50:24 +0000] "GET /phpmyadmin/themes/pmahomme/img/s_success.png HTTP/1.1" 200 465
::1 - - [02/Mar/2025:20:50:24 +0000] "GET /phpmyadmin/themes/pmahomme/img/s_asc.png HTTP/1.1" 200 146
::1 - - [02/Mar/2025:20:50:24 +0000] "GET /phpmyadmin/js/dist/server/databases.js?v=5.2.2 HTTP/1.1" 200 4659
::1 - - [02/Mar/2025:20:50:43 +0000] "POST /phpmyadmin/index.php?route=/server/databases/create HTTP/1.1" 200 1902
::1 - - [02/Mar/2025:20:50:43 +0000] "POST /phpmyadmin/index.php?route=/navigation&ajax_request=1 HTTP/1.1" 200 2245
::1 - - [02/Mar/2025:20:50:43 +0000] "GET /phpmyadmin/index.php?route=/database/structure&db=bracketdatabase&ajax_request=true&ajax_page_request=true&_nocache=1740948643511997808&token=477a7e21652e28747b63724d41536759 HTTP/1.1" 200 3152
::1 - - [02/Mar/2025:20:50:43 +0000] "GET /phpmyadmin/themes/pmahomme/img/b_routines.png HTTP/1.1" 200 306
::1 - - [02/Mar/2025:20:50:43 +0000] "GET /phpmyadmin/themes/pmahomme/img/b_triggers.png HTTP/1.1" 200 446
::1 - - [02/Mar/2025:20:50:43 +0000] "GET /phpmyadmin/themes/pmahomme/img/b_relations.png HTTP/1.1" 200 140
::1 - - [02/Mar/2025:20:50:43 +0000] "GET /phpmyadmin/themes/pmahomme/img/b_props.png HTTP/1.1" 200 573
::1 - - [02/Mar/2025:20:50:43 +0000] "GET /phpmyadmin/themes/pmahomme/img/b_events.png HTTP/1.1" 200 703
::1 - - [02/Mar/2025:20:50:43 +0000] "GET /phpmyadmin/themes/pmahomme/img/b_table_add.png HTTP/1.1" 200 571
::1 - - [02/Mar/2025:20:50:43 +0000] "GET /phpmyadmin/js/dist/table/change.js?v=5.2.2 HTTP/1.1" 200 30114
::1 - - [02/Mar/2025:20:50:43 +0000] "GET /phpmyadmin/js/dist/database/structure.js?v=5.2.2 HTTP/1.1" 200 14699
::1 - - [02/Mar/2025:20:50:43 +0000] "POST /phpmyadmin/index.php?route=/navigation&ajax_request=1 HTTP/1.1" 200 1515
::1 - - [02/Mar/2025:20:50:43 +0000] "GET /phpmyadmin/themes/pmahomme/img/b_minus.png HTTP/1.1" 200 123
::1 - - [02/Mar/2025:20:51:01 +0000] "GET /phpmyadmin/themes/pmahomme/img/s_lock.png HTTP/1.1" 200 667
::1 - - [02/Mar/2025:20:51:41 +0000] "POST /phpmyadmin/index.php?route=/table/create HTTP/1.1" 200 38503
::1 - - [02/Mar/2025:20:51:41 +0000] "GET /phpmyadmin/js/vendor/jquery/jquery.uitablefilter.js?v=5.2.2 HTTP/1.1" 200 3139
::1 - - [02/Mar/2025:20:51:41 +0000] "GET /phpmyadmin/index.php?route=/recent-table&ajax_request=1&recent_table=1&no_debug=true&_nocache=1740948701556752239&token=477a7e21652e28747b63724d41536759 HTTP/1.1" 200 1517
::1 - - [02/Mar/2025:20:52:26 +0000] "POST /phpmyadmin/index.php?route=/table/indexes HTTP/1.1" 200 2798
::1 - - [02/Mar/2025:20:52:27 +0000] "GET /phpmyadmin/themes/pmahomme/jquery/images/ui-bg_highlight-soft_75_cccccc_1x100.png HTTP/1.1" 200 122
::1 - - [02/Mar/2025:20:52:27 +0000] "GET /phpmyadmin/themes/pmahomme/img/s_sortable.png HTTP/1.1" 200 204
::1 - - [02/Mar/2025:20:52:27 +0000] "GET /phpmyadmin/themes/pmahomme/jquery/images/ui-icons_222222_256x240.png HTTP/1.1" 200 3765
::1 - - [02/Mar/2025:20:53:37 +0000] "POST /phpmyadmin/index.php?route=/table/structure/reserved-word-check HTTP/1.1" 200 89
::1 - - [02/Mar/2025:20:53:38 +0000] "POST /phpmyadmin/index.php?route=/table/create HTTP/1.1" 200 1721
::1 - - [02/Mar/2025:20:53:38 +0000] "GET /phpmyadmin/index.php?route=/database/structure&server=1&db=bracketdatabase&table=user&ajax_request=true&ajax_page_request=true&_nocache=1740948818194526422&token=477a7e21652e28747b63724d41536759 HTTP/1.1" 200 5384
::1 - - [02/Mar/2025:20:53:38 +0000] "GET /phpmyadmin/themes/pmahomme/img/b_browse.png HTTP/1.1" 200 486
::1 - - [02/Mar/2025:20:53:38 +0000] "GET /phpmyadmin/themes/pmahomme/img/b_insrow.png HTTP/1.1" 200 157
::1 - - [02/Mar/2025:20:53:38 +0000] "GET /phpmyadmin/themes/pmahomme/img/b_tblimport.png HTTP/1.1" 200 556
::1 - - [02/Mar/2025:20:53:38 +0000] "GET /phpmyadmin/themes/pmahomme/img/b_tblexport.png HTTP/1.1" 200 514
::1 - - [02/Mar/2025:20:53:38 +0000] "GET /phpmyadmin/themes/pmahomme/img/b_no_favorite.png HTTP/1.1" 200 377
::1 - - [02/Mar/2025:20:53:38 +0000] "GET /phpmyadmin/themes/pmahomme/img/bd_browse.png HTTP/1.1" 200 271
::1 - - [02/Mar/2025:20:53:38 +0000] "GET /phpmyadmin/themes/pmahomme/img/bd_select.png HTTP/1.1" 200 325
::1 - - [02/Mar/2025:20:53:38 +0000] "GET /phpmyadmin/themes/pmahomme/img/bd_empty.png HTTP/1.1" 200 327
::1 - - [02/Mar/2025:20:53:38 +0000] "GET /phpmyadmin/themes/pmahomme/img/b_drop.png HTTP/1.1" 200 637
::1 - - [02/Mar/2025:20:53:38 +0000] "GET /phpmyadmin/themes/pmahomme/img/b_print.png HTTP/1.1" 200 639
::1 - - [02/Mar/2025:20:53:38 +0000] "GET /phpmyadmin/themes/pmahomme/img/b_tblanalyse.png HTTP/1.1" 200 152
::1 - - [02/Mar/2025:20:53:38 +0000] "GET /phpmyadmin/themes/pmahomme/img/arrow_ltr.png HTTP/1.1" 200 101
::1 - - [02/Mar/2025:20:53:38 +0000] "POST /phpmyadmin/index.php?route=/navigation&ajax_request=1 HTTP/1.1" 200 2492
::1 - - [02/Mar/2025:20:53:38 +0000] "GET /phpmyadmin/index.php?route=/table/structure&server=1&db=bracketdatabase&token=477a7e21652e28747b63724d41536759&goto=index.php%3Froute%3D%2Fdatabase%2Fstructure&table=user&ajax_request=true&ajax_page_request=true&_nocache=1740948818196554297&token=477a7e21652e28747b63724d41536759 HTTP/1.1" 200 8717
::1 - - [02/Mar/2025:20:53:38 +0000] "GET /phpmyadmin/themes/pmahomme/img/b_edit.png HTTP/1.1" 200 377
::1 - - [02/Mar/2025:20:53:38 +0000] "GET /phpmyadmin/themes/pmahomme/img/b_primary.png HTTP/1.1" 200 536
::1 - - [02/Mar/2025:20:53:38 +0000] "GET /phpmyadmin/themes/pmahomme/img/b_unique.png HTTP/1.1" 200 583
::1 - - [02/Mar/2025:20:53:38 +0000] "GET /phpmyadmin/themes/pmahomme/img/b_index.png HTTP/1.1" 200 643
::1 - - [02/Mar/2025:20:53:38 +0000] "GET /phpmyadmin/themes/pmahomme/img/b_spatial.png HTTP/1.1" 200 376
::1 - - [02/Mar/2025:20:53:38 +0000] "GET /phpmyadmin/themes/pmahomme/img/b_ftext.png HTTP/1.1" 200 550
::1 - - [02/Mar/2025:20:53:38 +0000] "GET /phpmyadmin/themes/pmahomme/img/b_move.png HTTP/1.1" 200 381
::1 - - [02/Mar/2025:20:53:38 +0000] "GET /phpmyadmin/themes/pmahomme/img/normalize.png HTTP/1.1" 200 505
::1 - - [02/Mar/2025:20:53:38 +0000] "GET /phpmyadmin/themes/pmahomme/img/b_rename.svg HTTP/1.1" 200 881
::1 - - [02/Mar/2025:20:53:38 +0000] "GET /phpmyadmin/themes/pmahomme/img/b_tbloptimize.png HTTP/1.1" 200 153
::1 - - [02/Mar/2025:20:53:38 +0000] "GET /phpmyadmin/js/dist/table/structure.js?v=5.2.2 HTTP/1.1" 200 16685
::1 - - [02/Mar/2025:20:53:38 +0000] "GET /phpmyadmin/index.php?route=/recent-table&ajax_request=1&recent_table=1&no_debug=true&_nocache=1740948818459593817&token=477a7e21652e28747b63724d41536759 HTTP/1.1" 200 1544
::1 - - [02/Mar/2025:20:53:38 +0000] "GET /phpmyadmin/index.php?route=/recent-table&ajax_request=1&recent_table=1&no_debug=true&_nocache=1740948818753683848&token=477a7e21652e28747b63724d41536759 HTTP/1.1" 200 1544
::1 - - [02/Mar/2025:20:53:44 +0000] "GET /phpmyadmin/index.php?route=/table/structure/change&db=bracketdatabase&table=user&field=Username&change_column=1 HTTP/1.1" 200 17877
::1 - - [02/Mar/2025:20:53:44 +0000] "POST /phpmyadmin/index.php?route=/config/get HTTP/1.1" 200 1498
::1 - - [02/Mar/2025:20:53:44 +0000] "POST /phpmyadmin/index.php?route=/config/get HTTP/1.1" 200 1589
::1 - - [02/Mar/2025:20:53:44 +0000] "POST /phpmyadmin/index.php?route=/navigation&ajax_request=1 HTTP/1.1" 200 2492
::1 - - [02/Mar/2025:20:53:44 +0000] "GET /phpmyadmin/index.php?route=/recent-table&ajax_request=1&recent_table=1&no_debug=true&_nocache=174094882476690829&token=477a7e21652e28747b63724d41536759 HTTP/1.1" 200 1544
::1 - - [02/Mar/2025:20:53:44 +0000] "POST /phpmyadmin/index.php?route=/config/set HTTP/1.1" 200 1489
::1 - - [02/Mar/2025:20:53:48 +0000] "POST /phpmyadmin/index.php?route=/table/structure/save HTTP/1.1" 200 16249
::1 - - [02/Mar/2025:20:53:48 +0000] "GET /phpmyadmin/themes/pmahomme/img/s_error.png HTTP/1.1" 200 614
::1 - - [02/Mar/2025:20:53:49 +0000] "POST /phpmyadmin/index.php?route=/config/get HTTP/1.1" 200 1589
::1 - - [02/Mar/2025:20:53:49 +0000] "POST /phpmyadmin/index.php?route=/navigation&ajax_request=1 HTTP/1.1" 200 2492
::1 - - [02/Mar/2025:20:53:48 +0000] "POST /phpmyadmin/index.php?route=/config/get HTTP/1.1" 200 1498
::1 - - [02/Mar/2025:20:53:49 +0000] "GET /phpmyadmin/index.php?route=/recent-table&ajax_request=1&recent_table=1&no_debug=true&_nocache=17409488290006367&token=477a7e21652e28747b63724d41536759 HTTP/1.1" 200 1544
::1 - - [02/Mar/2025:20:53:49 +0000] "POST /phpmyadmin/index.php?route=/config/set HTTP/1.1" 200 1489
::1 - - [02/Mar/2025:20:54:05 +0000] "GET /phpmyadmin/index.php?route=/sql&pos=0&db=bracketdatabase&table=user&ajax_request=true&ajax_page_request=true&_nocache=1740948845481838035&token=477a7e21652e28747b63724d41536759 HTTP/1.1" 200 5299
::1 - - [02/Mar/2025:20:54:05 +0000] "GET /phpmyadmin/themes/pmahomme/img/b_view_add.png HTTP/1.1" 200 678
::1 - - [02/Mar/2025:20:54:05 +0000] "GET /phpmyadmin/js/dist/multi_column_sort.js?v=5.2.2 HTTP/1.1" 200 1281
::1 - - [02/Mar/2025:20:54:05 +0000] "GET /phpmyadmin/js/dist/gis_data_editor.js?v=5.2.2 HTTP/1.1" 200 12944
::1 - - [02/Mar/2025:20:54:05 +0000] "GET /phpmyadmin/index.php?route=/recent-table&ajax_request=1&recent_table=1&no_debug=true&_nocache=1740948845679474126&token=477a7e21652e28747b63724d41536759 HTTP/1.1" 200 1545
::1 - - [02/Mar/2025:20:54:09 +0000] "GET /phpmyadmin/index.php?route=/table/create&db=bracketdatabase&ajax_request=true&ajax_page_request=true&_nocache=1740948849704406533&token=477a7e21652e28747b63724d41536759 HTTP/1.1" 200 32444
::1 - - [02/Mar/2025:20:54:11 +0000] "GET /phpmyadmin/index.php?route=/sql&pos=0&db=bracketdatabase&table=user&ajax_request=true&ajax_page_request=true&_nocache=1740948851703947489&token=477a7e21652e28747b63724d41536759 HTTP/1.1" 200 5303
::1 - - [02/Mar/2025:20:54:11 +0000] "GET /phpmyadmin/index.php?route=/recent-table&ajax_request=1&recent_table=1&no_debug=true&_nocache=1740948851868657309&token=477a7e21652e28747b63724d41536759 HTTP/1.1" 200 1545
::1 - - [02/Mar/2025:20:54:26 +0000] "POST /phpmyadmin/index.php?route=/navigation&ajax_request=1 HTTP/1.1" 200 2083
::1 - - [02/Mar/2025:20:54:26 +0000] "GET /phpmyadmin/themes/pmahomme/img/pause.png HTTP/1.1" 200 255
::1 - - [02/Mar/2025:20:54:31 +0000] "GET /phpmyadmin/themes/pmahomme/img/s_unlink.png HTTP/1.1" 200 589
::1 - - [02/Mar/2025:20:54:31 +0000] "GET /phpmyadmin/index.php?route=/database/structure&db=bracketdatabase&ajax_request=true&ajax_page_request=true&_nocache=174094887197535744&token=477a7e21652e28747b63724d41536759 HTTP/1.1" 200 5373
::1 - - [02/Mar/2025:20:54:35 +0000] "GET /phpmyadmin/index.php?route=/sql/get-default-fk-check-value&ajax_request=true&server=1&_nocache=1740948875031288461&token=477a7e21652e28747b63724d41536759 HTTP/1.1" 200 1522
::1 - - [02/Mar/2025:20:54:38 +0000] "POST /phpmyadmin/index.php?route=/sql HTTP/1.1" 200 1989
::1 - - [02/Mar/2025:20:54:39 +0000] "POST /phpmyadmin/index.php?route=/navigation&ajax_request=1 HTTP/1.1" 200 2296
::1 - - [02/Mar/2025:20:54:41 +0000] "GET /phpmyadmin/themes/pmahomme/img/s_desc.png HTTP/1.1" 200 146
::1 - - [02/Mar/2025:20:55:02 +0000] "POST /phpmyadmin/index.php?route=/table/create HTTP/1.1" 200 38508
::1 - - [02/Mar/2025:20:55:02 +0000] "GET /phpmyadmin/index.php?route=/recent-table&ajax_request=1&recent_table=1&no_debug=true&_nocache=1740948902391587775&token=477a7e21652e28747b63724d41536759 HTTP/1.1" 200 1545
::1 - - [02/Mar/2025:20:55:15 +0000] "POST /phpmyadmin/index.php?route=/table/indexes HTTP/1.1" 200 2800
::1 - - [02/Mar/2025:20:56:00 +0000] "POST /phpmyadmin/index.php?route=/table/structure/reserved-word-check HTTP/1.1" 200 89
::1 - - [02/Mar/2025:20:56:00 +0000] "POST /phpmyadmin/index.php?route=/table/create HTTP/1.1" 200 1750
::1 - - [02/Mar/2025:20:56:00 +0000] "GET /phpmyadmin/index.php?route=/database/structure&server=1&db=bracketdatabase&table=User&ajax_request=true&ajax_page_request=true&_nocache=1740948960802587224&token=477a7e21652e28747b63724d41536759 HTTP/1.1" 200 5395
::1 - - [02/Mar/2025:20:56:00 +0000] "POST /phpmyadmin/index.php?route=/navigation&ajax_request=1 HTTP/1.1" 200 2504
::1 - - [02/Mar/2025:20:56:00 +0000] "GET /phpmyadmin/index.php?route=/table/structure&server=1&db=bracketdatabase&token=477a7e21652e28747b63724d41536759&goto=index.php%3Froute%3D%2Fdatabase%2Fstructure&table=user&ajax_request=true&ajax_page_request=true&_nocache=1740948960804671774&token=477a7e21652e28747b63724d41536759 HTTP/1.1" 200 8799
::1 - - [02/Mar/2025:20:56:00 +0000] "GET /phpmyadmin/index.php?route=/recent-table&ajax_request=1&recent_table=1&no_debug=true&_nocache=1740948960989116008&token=477a7e21652e28747b63724d41536759 HTTP/1.1" 200 1558
::1 - - [02/Mar/2025:20:56:01 +0000] "GET /phpmyadmin/index.php?route=/recent-table&ajax_request=1&recent_table=1&no_debug=true&_nocache=1740948961195856811&token=477a7e21652e28747b63724d41536759 HTTP/1.1" 200 1558
::1 - - [02/Mar/2025:20:56:34 +0000] "POST /phpmyadmin/index.php?route=/navigation&ajax_request=1 HTTP/1.1" 200 2083
::1 - - [02/Mar/2025:20:56:36 +0000] "POST /phpmyadmin/index.php?route=/navigation&ajax_request=1 HTTP/1.1" 200 1791
::1 - - [02/Mar/2025:20:56:36 +0000] "GET /phpmyadmin/themes/pmahomme/img/b_index_add.png HTTP/1.1" 200 725
::1 - - [02/Mar/2025:20:56:37 +0000] "GET /phpmyadmin/index.php?route=/table/structure&db=bracketdatabase&table=user&ajax_request=true&ajax_page_request=true&_nocache=1740948997684274029&token=477a7e21652e28747b63724d41536759 HTTP/1.1" 200 8799
::1 - - [02/Mar/2025:20:56:37 +0000] "GET /phpmyadmin/index.php?route=/recent-table&ajax_request=1&recent_table=1&no_debug=true&_nocache=1740948997853327505&token=477a7e21652e28747b63724d41536759 HTTP/1.1" 200 1558
::1 - - [02/Mar/2025:20:56:39 +0000] "GET /phpmyadmin/index.php?route=/table/structure&db=bracketdatabase&table=user&ajax_request=true&ajax_page_request=true&_nocache=1740948999796408641&token=477a7e21652e28747b63724d41536759 HTTP/1.1" 200 8799
::1 - - [02/Mar/2025:20:56:39 +0000] "GET /phpmyadmin/index.php?route=/recent-table&ajax_request=1&recent_table=1&no_debug=true&_nocache=1740948999988985672&token=477a7e21652e28747b63724d41536759 HTTP/1.1" 200 1558
::1 - - [02/Mar/2025:20:56:41 +0000] "POST /phpmyadmin/index.php?route=/table/indexes HTTP/1.1" 200 3155
::1 - - [02/Mar/2025:20:56:41 +0000] "GET /phpmyadmin/themes/pmahomme/jquery/images/ui-bg_glass_75_e6e6e6_1x400.png HTTP/1.1" 200 121
::1 - - [02/Mar/2025:20:56:41 +0000] "GET /phpmyadmin/index.php?route=/recent-table&ajax_request=1&recent_table=1&no_debug=true&_nocache=1740949001247976413&token=477a7e21652e28747b63724d41536759 HTTP/1.1" 200 1558
::1 - - [02/Mar/2025:20:58:46 +0000] "POST /phpmyadmin/index.php?route=/table/indexes HTTP/1.1" 200 3155
::1 - - [02/Mar/2025:20:58:46 +0000] "GET /phpmyadmin/index.php?route=/recent-table&ajax_request=1&recent_table=1&no_debug=true&_nocache=1740949126701331680&token=477a7e21652e28747b63724d41536759 HTTP/1.1" 200 1558
::1 - - [02/Mar/2025:20:58:48 +0000] "POST /phpmyadmin/index.php?route=/table/indexes HTTP/1.1" 200 3155
::1 - - [02/Mar/2025:20:58:48 +0000] "GET /phpmyadmin/index.php?route=/recent-table&ajax_request=1&recent_table=1&no_debug=true&_nocache=1740949128299860564&token=477a7e21652e28747b63724d41536759 HTTP/1.1" 200 1558
::1 - - [02/Mar/2025:20:58:52 +0000] "GET /phpmyadmin/index.php?route=/table/structure&db=bracketdatabase&table=user&ajax_request=true&ajax_page_request=true&_nocache=1740949132866202905&token=477a7e21652e28747b63724d41536759 HTTP/1.1" 200 8806
::1 - - [02/Mar/2025:20:58:53 +0000] "GET /phpmyadmin/index.php?route=/recent-table&ajax_request=1&recent_table=1&no_debug=true&_nocache=1740949133043853741&token=477a7e21652e28747b63724d41536759 HTTP/1.1" 200 1558
::1 - - [02/Mar/2025:20:58:53 +0000] "GET /phpmyadmin/index.php?route=/table/structure&db=bracketdatabase&table=user&ajax_request=true&ajax_page_request=true&_nocache=1740949133872310580&token=477a7e21652e28747b63724d41536759 HTTP/1.1" 200 8806
::1 - - [02/Mar/2025:20:58:54 +0000] "GET /phpmyadmin/index.php?route=/recent-table&ajax_request=1&recent_table=1&no_debug=true&_nocache=1740949134047267035&token=477a7e21652e28747b63724d41536759 HTTP/1.1" 200 1558
::1 - - [02/Mar/2025:21:00:06 +0000] "GET /phpmyadmin/index.php?route=/sql&pos=0&db=bracketdatabase&table=user&ajax_request=true&ajax_page_request=true&_nocache=1740949206572661161&token=477a7e21652e28747b63724d41536759 HTTP/1.1" 200 5303
::1 - - [02/Mar/2025:21:00:06 +0000] "GET /phpmyadmin/index.php?route=/recent-table&ajax_request=1&recent_table=1&no_debug=true&_nocache=1740949206737576103&token=477a7e21652e28747b63724d41536759 HTTP/1.1" 200 1558
::1 - - [02/Mar/2025:21:00:07 +0000] "GET /phpmyadmin/index.php?route=/table/change&db=bracketdatabase&table=user HTTP/1.1" 200 15228
::1 - - [02/Mar/2025:21:00:07 +0000] "GET /phpmyadmin/js/dist/sql.js?v=5.2.2 HTTP/1.1" 200 35620
::1 - - [02/Mar/2025:21:00:07 +0000] "GET /phpmyadmin/js/vendor/jquery/additional-methods.js?v=5.2.2 HTTP/1.1" 200 51529
::1 - - [02/Mar/2025:21:00:07 +0000] "GET /phpmyadmin/js/dist/makegrid.js?v=5.2.2 HTTP/1.1" 200 81439
::1 - - [02/Mar/2025:21:00:07 +0000] "POST /phpmyadmin/index.php?route=/config/get HTTP/1.1" 200 1500
::1 - - [02/Mar/2025:21:00:07 +0000] "POST /phpmyadmin/index.php?route=/config/get HTTP/1.1" 200 1590
::1 - - [02/Mar/2025:21:00:07 +0000] "POST /phpmyadmin/index.php?route=/navigation&ajax_request=1 HTTP/1.1" 200 2504
::1 - - [02/Mar/2025:21:00:07 +0000] "GET /phpmyadmin/index.php?route=/recent-table&ajax_request=1&recent_table=1&no_debug=true&_nocache=1740949207857871458&token=477a7e21652e28747b63724d41536759 HTTP/1.1" 200 1558
::1 - - [02/Mar/2025:21:00:08 +0000] "POST /phpmyadmin/index.php?route=/config/set HTTP/1.1" 200 1492
::1 - - [02/Mar/2025:21:00:51 +0000] "POST /phpmyadmin/index.php?route=/table/replace HTTP/1.1" 200 5786
::1 - - [02/Mar/2025:21:00:52 +0000] "POST /phpmyadmin/index.php?route=/lint HTTP/1.1" 200 28
::1 - - [02/Mar/2025:21:00:52 +0000] "GET /phpmyadmin/index.php?route=/recent-table&ajax_request=1&recent_table=1&no_debug=true&_nocache=1740949252073551967&token=477a7e21652e28747b63724d41536759 HTTP/1.1" 200 1558
::1 - - [02/Mar/2025:21:01:32 +0000] "GET /phpmyadmin/index.php?route=/sql&db=bracketdatabase&table=user&pos=0 HTTP/1.1" 200 15394
::1 - - [02/Mar/2025:21:01:32 +0000] "GET /phpmyadmin/themes/pmahomme/img/s_fulltext.png HTTP/1.1" 200 176
::1 - - [02/Mar/2025:21:01:33 +0000] "GET /phpmyadmin/themes/pmahomme/img/b_chart.png HTTP/1.1" 200 449
::1 - - [02/Mar/2025:21:01:33 +0000] "GET /phpmyadmin/themes/pmahomme/img/col_drop.png HTTP/1.1" 200 111
::1 - - [02/Mar/2025:21:01:33 +0000] "GET /phpmyadmin/themes/pmahomme/img/col_pointer.png HTTP/1.1" 200 102
::1 - - [02/Mar/2025:21:01:33 +0000] "POST /phpmyadmin/index.php?route=/navigation&ajax_request=1 HTTP/1.1" 200 2504
::1 - - [02/Mar/2025:21:01:33 +0000] "POST /phpmyadmin/index.php?route=/config/get HTTP/1.1" 200 1590
::1 - - [02/Mar/2025:21:01:33 +0000] "GET /phpmyadmin/index.php?route=/recent-table&ajax_request=1&recent_table=1&no_debug=true&_nocache=1740949293062250850&token=477a7e21652e28747b63724d41536759 HTTP/1.1" 200 1558
::1 - - [02/Mar/2025:21:01:33 +0000] "POST /phpmyadmin/index.php?route=/config/get HTTP/1.1" 200 1500
::1 - - [02/Mar/2025:21:01:33 +0000] "POST /phpmyadmin/index.php?route=/config/set HTTP/1.1" 200 1492
::1 - - [02/Mar/2025:21:09:08 +0000] "GET / HTTP/1.1" 200 691
::1 - - [02/Mar/2025:21:09:36 +0000] "GET /databaseConnection.php HTTP/1.1" 200 311
::1 - - [02/Mar/2025:21:11:49 +0000] "GET /databaseConnection.php HTTP/1.1" 200 153
::1 - - [02/Mar/2025:21:12:14 +0000] "GET /databaseConnection.php HTTP/1.1" 200 153
::1 - - [02/Mar/2025:21:12:21 +0000] "GET /phpmyadmin/index.php?route=/sql&db=bracketdatabase&table=user&pos=0 HTTP/1.1" 200 15395
::1 - - [02/Mar/2025:21:12:21 +0000] "POST /phpmyadmin/index.php?route=/config/get HTTP/1.1" 200 1500
::1 - - [02/Mar/2025:21:12:21 +0000] "POST /phpmyadmin/index.php?route=/config/get HTTP/1.1" 200 1590
::1 - - [02/Mar/2025:21:12:21 +0000] "POST /phpmyadmin/index.php?route=/navigation&ajax_request=1 HTTP/1.1" 200 2504
::1 - - [02/Mar/2025:21:12:21 +0000] "GET /phpmyadmin/index.php?route=/recent-table&ajax_request=1&recent_table=1&no_debug=true&_nocache=1740949941559251068&token=477a7e21652e28747b63724d41536759 HTTP/1.1" 200 1558
::1 - - [02/Mar/2025:21:12:21 +0000] "POST /phpmyadmin/index.php?route=/config/set HTTP/1.1" 200 1492
::1 - - [02/Mar/2025:21:12:23 +0000] "GET /phpmyadmin/index.php?route=/database/structure&db=bracketdatabase&ajax_request=true&ajax_page_request=true&_nocache=1740949943753640581&token=477a7e21652e28747b63724d41536759 HTTP/1.1" 200 5371
::1 - - [02/Mar/2025:21:12:23 +0000] "GET /phpmyadmin/themes/pmahomme/img/b_select.png HTTP/1.1" 200 593
::1 - - [02/Mar/2025:21:12:23 +0000] "GET /phpmyadmin/themes/pmahomme/img/b_empty.png HTTP/1.1" 200 521
::1 - - [02/Mar/2025:21:12:26 +0000] "GET /phpmyadmin/index.php?route=/sql&db=bracketdatabase&table=user&pos=0&ajax_request=true&ajax_page_request=true&_nocache=1740949946765548101&token=477a7e21652e28747b63724d41536759 HTTP/1.1" 200 7487
::1 - - [02/Mar/2025:21:12:26 +0000] "GET /phpmyadmin/index.php?route=/recent-table&ajax_request=1&recent_table=1&no_debug=true&_nocache=1740949946962630401&token=477a7e21652e28747b63724d41536759 HTTP/1.1" 200 1558
::1 - - [02/Mar/2025:21:12:30 +0000] "GET /phpmyadmin/index.php?route=/table/structure&db=bracketdatabase&table=user HTTP/1.1" 200 15879
::1 - - [02/Mar/2025:21:12:31 +0000] "POST /phpmyadmin/index.php?route=/navigation&ajax_request=1 HTTP/1.1" 200 2504
::1 - - [02/Mar/2025:21:12:31 +0000] "POST /phpmyadmin/index.php?route=/config/get HTTP/1.1" 200 1500
::1 - - [02/Mar/2025:21:12:31 +0000] "GET /phpmyadmin/index.php?route=/recent-table&ajax_request=1&recent_table=1&no_debug=true&_nocache=1740949951048378793&token=477a7e21652e28747b63724d41536759 HTTP/1.1" 200 1558
::1 - - [02/Mar/2025:21:12:31 +0000] "POST /phpmyadmin/index.php?route=/config/get HTTP/1.1" 200 1590
::1 - - [02/Mar/2025:21:12:31 +0000] "POST /phpmyadmin/index.php?route=/config/set HTTP/1.1" 200 1492
::1 - - [02/Mar/2025:21:12:53 +0000] "GET /databaseConnection.php HTTP/1.1" 200 1
::1 - - [02/Mar/2025:21:12:54 +0000] "GET /databaseConnection.php HTTP/1.1" 200 1
::1 - - [02/Mar/2025:21:12:54 +0000] "GET /databaseConnection.php HTTP/1.1" 200 1
::1 - - [02/Mar/2025:21:12:55 +0000] "GET /databaseConnection.php HTTP/1.1" 200 1
::1 - - [02/Mar/2025:21:13:14 +0000] "GET /databaseConnection.php HTTP/1.1" 200 1
::1 - - [02/Mar/2025:21:13:15 +0000] "GET /databaseConnection.php HTTP/1.1" 200 1
::1 - - [02/Mar/2025:21:13:22 +0000] "GET /databaseConnection.php HTTP/1.1" 200 11
::1 - - [02/Mar/2025:21:15:35 +0000] "GET /databaseConnection.php HTTP/1.1" 200 177
::1 - - [02/Mar/2025:21:16:02 +0000] "GET /databaseConnection.php HTTP/1.1" 200 23
::1 - - [06/Mar/2025:13:48:16 +0000] "GET / HTTP/1.1" 200 691
::1 - - [06/Mar/2025:13:48:17 +0000] "GET /favicon.ico HTTP/1.1" 404 196
::1 - - [06/Mar/2025:13:49:16 +0000] "-" 408 -
::1 - - [09/Mar/2025:22:48:02 +0000] "GET /phpmyadmin/ HTTP/1.1" 200 4515
::1 - - [09/Mar/2025:22:48:09 +0000] "GET /phpmyadmin/themes/pmahomme/jquery/jquery-ui.css HTTP/1.1" 200 37878
127.0.0.1 - - [09/Mar/2025:22:48:09 +0000] "GET /phpmyadmin/js/vendor/codemirror/addon/hint/show-hint.css?v=5.2.2 HTTP/1.1" 200 686
::1 - - [09/Mar/2025:22:48:09 +0000] "GET /phpmyadmin/js/vendor/codemirror/lib/codemirror.css?v=5.2.2 HTTP/1.1" 200 9064
::1 - - [09/Mar/2025:22:48:09 +0000] "GET /phpmyadmin/themes/pmahomme/css/theme.css?v=5.2.2 HTTP/1.1" 200 401478
::1 - - [09/Mar/2025:22:48:09 +0000] "GET /phpmyadmin/js/vendor/codemirror/addon/lint/lint.css?v=5.2.2 HTTP/1.1" 200 3114
127.0.0.1 - - [09/Mar/2025:22:48:09 +0000] "GET /phpmyadmin/js/vendor/sprintf.js?v=5.2.2 HTTP/1.1" 200 7572
::1 - - [09/Mar/2025:22:48:09 +0000] "GET /phpmyadmin/js/dist/keyhandler.js?v=5.2.2 HTTP/1.1" 200 2150
::1 - - [09/Mar/2025:22:48:09 +0000] "GET /phpmyadmin/js/dist/ajax.js?v=5.2.2 HTTP/1.1" 200 30894
::1 - - [09/Mar/2025:22:48:09 +0000] "GET /phpmyadmin/js/vendor/jquery/jquery-migrate.min.js?v=5.2.2 HTTP/1.1" 200 13994
::1 - - [09/Mar/2025:22:48:09 +0000] "GET /phpmyadmin/js/dist/name-conflict-fixes.js?v=5.2.2 HTTP/1.1" 200 43
::1 - - [09/Mar/2025:22:48:09 +0000] "GET /phpmyadmin/js/vendor/js.cookie.js?v=5.2.2 HTTP/1.1" 200 4046
::1 - - [09/Mar/2025:22:48:09 +0000] "GET /phpmyadmin/js/vendor/jquery/jquery.min.js?v=5.2.2 HTTP/1.1" 200 87535
::1 - - [09/Mar/2025:22:48:09 +0000] "GET /phpmyadmin/js/vendor/jquery/jquery.validate.min.js?v=5.2.2 HTTP/1.1" 200 25311
127.0.0.1 - - [09/Mar/2025:22:48:09 +0000] "GET /phpmyadmin/js/vendor/bootstrap/bootstrap.bundle.min.js?v=5.2.2 HTTP/1.1" 200 80727
::1 - - [09/Mar/2025:22:48:09 +0000] "GET /phpmyadmin/js/vendor/jquery/jquery-ui-timepicker-addon.js?v=5.2.2 HTTP/1.1" 200 80766
::1 - - [09/Mar/2025:22:48:09 +0000] "GET /phpmyadmin/js/vendor/jquery/jquery.debounce-1.0.6.js?v=5.2.2 HTTP/1.1" 200 1689
::1 - - [09/Mar/2025:22:48:09 +0000] "GET /phpmyadmin/js/dist/menu_resizer.js?v=5.2.2 HTTP/1.1" 200 5919
::1 - - [09/Mar/2025:22:48:09 +0000] "GET /phpmyadmin/js/dist/cross_framing_protection.js?v=5.2.2 HTTP/1.1" 200 417
::1 - - [09/Mar/2025:22:48:09 +0000] "GET /phpmyadmin/js/dist/config.js?v=5.2.2 HTTP/1.1" 200 24893
::1 - - [09/Mar/2025:22:48:09 +0000] "GET /phpmyadmin/js/vendor/jquery/jquery-ui.min.js?v=5.2.2 HTTP/1.1" 200 254968
::1 - - [09/Mar/2025:22:48:09 +0000] "GET /phpmyadmin/js/dist/navigation.js?v=5.2.2 HTTP/1.1" 200 53310
::1 - - [09/Mar/2025:22:48:09 +0000] "GET /phpmyadmin/js/dist/functions.js?v=5.2.2 HTTP/1.1" 200 154199
::1 - - [09/Mar/2025:22:48:09 +0000] "GET /phpmyadmin/js/dist/doclinks.js?v=5.2.2 HTTP/1.1" 200 18640
::1 - - [09/Mar/2025:22:48:09 +0000] "GET /phpmyadmin/js/dist/indexes.js?v=5.2.2 HTTP/1.1" 200 27928
::1 - - [09/Mar/2025:22:48:09 +0000] "GET /phpmyadmin/js/dist/common.js?v=5.2.2 HTTP/1.1" 200 4686
::1 - - [09/Mar/2025:22:48:09 +0000] "GET /phpmyadmin/js/dist/page_settings.js?v=5.2.2 HTTP/1.1" 200 1881
::1 - - [09/Mar/2025:22:48:09 +0000] "GET /phpmyadmin/js/vendor/codemirror/mode/sql/sql.js?v=5.2.2 HTTP/1.1" 200 60092
::1 - - [09/Mar/2025:22:48:09 +0000] "GET /phpmyadmin/js/vendor/codemirror/addon/runmode/runmode.js?v=5.2.2 HTTP/1.1" 200 2853
::1 - - [09/Mar/2025:22:48:09 +0000] "GET /phpmyadmin/js/vendor/codemirror/addon/hint/show-hint.js?v=5.2.2 HTTP/1.1" 200 20315
::1 - - [09/Mar/2025:22:48:09 +0000] "GET /phpmyadmin/js/vendor/codemirror/addon/hint/sql-hint.js?v=5.2.2 HTTP/1.1" 200 9864
::1 - - [09/Mar/2025:22:48:09 +0000] "GET /phpmyadmin/js/dist/codemirror/addon/lint/sql-lint.js?v=5.2.2 HTTP/1.1" 200 1001
::1 - - [09/Mar/2025:22:48:09 +0000] "GET /phpmyadmin/js/vendor/codemirror/addon/lint/lint.js?v=5.2.2 HTTP/1.1" 200 10278
::1 - - [09/Mar/2025:22:48:09 +0000] "GET /phpmyadmin/js/vendor/tracekit.js?v=5.2.2 HTTP/1.1" 200 48455
::1 - - [09/Mar/2025:22:48:09 +0000] "GET /phpmyadmin/js/dist/drag_drop_import.js?v=5.2.2 HTTP/1.1" 200 12779
::1 - - [09/Mar/2025:22:48:09 +0000] "GET /phpmyadmin/js/dist/error_report.js?v=5.2.2 HTTP/1.1" 200 9548
::1 - - [09/Mar/2025:22:48:09 +0000] "GET /phpmyadmin/js/dist/shortcuts_handler.js?v=5.2.2 HTTP/1.1" 200 3413
::1 - - [09/Mar/2025:22:48:09 +0000] "GET /phpmyadmin/themes/pmahomme/img/logo_right.png HTTP/1.1" 200 4306
::1 - - [09/Mar/2025:22:48:09 +0000] "GET /phpmyadmin/themes/dot.gif HTTP/1.1" 200 43
::1 - - [09/Mar/2025:22:48:09 +0000] "GET /phpmyadmin/js/dist/console.js?v=5.2.2 HTTP/1.1" 200 51077
127.0.0.1 - - [09/Mar/2025:22:48:09 +0000] "GET /phpmyadmin/js/messages.php?l=en&v=5.2.2&lang=en HTTP/1.1" 200 7946
::1 - - [09/Mar/2025:22:48:09 +0000] "GET /phpmyadmin/js/vendor/codemirror/lib/codemirror.js?v=5.2.2 HTTP/1.1" 200 411525
::1 - - [09/Mar/2025:22:48:10 +0000] "GET /phpmyadmin/themes/pmahomme/img/b_help.png HTTP/1.1" 200 705
::1 - - [09/Mar/2025:22:48:10 +0000] "GET /phpmyadmin/favicon.ico HTTP/1.1" 200 22486
::1 - - [09/Mar/2025:22:49:06 +0000] "GET / HTTP/1.1" 200 691
::1 - - [09/Mar/2025:22:49:07 +0000] "GET /favicon.ico HTTP/1.1" 404 196
::1 - - [09/Mar/2025:22:50:06 +0000] "-" 408 -
::1 - - [09/Mar/2025:23:06:05 +0000] "POST /phpmyadmin/index.php?route=/ HTTP/1.1" 200 4623
::1 - - [09/Mar/2025:23:06:09 +0000] "GET /phpmyadmin/js/messages.php?l=en&v=5.2.2 HTTP/1.1" 200 7946
::1 - - [09/Mar/2025:23:06:10 +0000] "GET /phpmyadmin/themes/pmahomme/img/s_error.png HTTP/1.1" 200 614
::1 - - [09/Mar/2025:23:07:05 +0000] "-" 408 -
::1 - - [09/Mar/2025:23:22:25 +0000] "GET / HTTP/1.1" 200 691
::1 - - [09/Mar/2025:23:22:33 +0000] "GET /index.php HTTP/1.1" 200 691
::1 - - [09/Mar/2025:23:22:34 +0000] "GET /tournament.php HTTP/1.1" 200 684
::1 - - [09/Mar/2025:23:22:44 +0000] "GET /index.php HTTP/1.1" 200 691
::1 - - [09/Mar/2025:23:22:45 +0000] "GET /tournament.php HTTP/1.1" 200 684
::1 - - [09/Mar/2025:23:23:44 +0000] "-" 408 -
::1 - - [09/Mar/2025:23:24:12 +0000] "GET /tournament.php HTTP/1.1" 200 684
::1 - - [09/Mar/2025:23:25:12 +0000] "-" 408 -
::1 - - [09/Mar/2025:23:33:43 +0000] "GET /tournament.php HTTP/1.1" 200 781
::1 - - [09/Mar/2025:23:33:46 +0000] "GET /tournament.php HTTP/1.1" 200 781
::1 - - [09/Mar/2025:23:33:47 +0000] "GET /tournament.php HTTP/1.1" 200 781
::1 - - [09/Mar/2025:23:33:49 +0000] "GET /index.php HTTP/1.1" 200 691
::1 - - [09/Mar/2025:23:33:50 +0000] "GET /tournament.php HTTP/1.1" 200 781
::1 - - [09/Mar/2025:23:34:43 +0000] "-" 408 -
::1 - - [09/Mar/2025:23:36:43 +0000] "GET /tournament.php HTTP/1.1" 200 781
::1 - - [09/Mar/2025:23:36:46 +0000] "GET /tournament.php HTTP/1.1" 200 781
::1 - - [09/Mar/2025:23:36:47 +0000] "GET /index.php HTTP/1.1" 200 691
::1 - - [09/Mar/2025:23:36:48 +0000] "GET /tournament.php HTTP/1.1" 200 781
::1 - - [09/Mar/2025:23:36:55 +0000] "GET /tournament.php HTTP/1.1" 200 1163
::1 - - [09/Mar/2025:23:37:55 +0000] "-" 408 -
::1 - - [09/Mar/2025:23:40:24 +0000] "GET /tournament.php HTTP/1.1" 200 2088
::1 - - [09/Mar/2025:23:41:24 +0000] "-" 408 -
::1 - - [09/Mar/2025:23:47:07 +0000] "GET /tournament.php HTTP/1.1" 200 2178
::1 - - [09/Mar/2025:23:48:07 +0000] "-" 408 -
::1 - - [09/Mar/2025:23:57:35 +0000] "POST /register.php HTTP/1.1" 404 196
::1 - - [10/Mar/2025:08:56:28 +0000] "GET /index.php HTTP/1.1" 200 691
::1 - - [10/Mar/2025:08:56:29 +0000] "GET /tournament.php HTTP/1.1" 200 2178
::1 - - [10/Mar/2025:08:57:28 +0000] "-" 408 -
::1 - - [10/Mar/2025:08:57:52 +0000] "POST /register.php HTTP/1.1" 404 196
::1 - - [10/Mar/2025:09:02:51 +0000] "POST /phpmyadmin/index.php?route=/ HTTP/1.1" 200 4620
::1 - - [10/Mar/2025:09:03:04 +0000] "GET /phpmyadmin/js/messages.php?l=en&v=5.2.2 HTTP/1.1" 200 7946
::1 - - [10/Mar/2025:09:03:36 +0000] "POST /phpmyadmin/index.php?route=/ HTTP/1.1" 200 4619
::1 - - [10/Mar/2025:09:05:50 +0000] "GET /phpmyadmin/index.php?route=/ HTTP/1.1" 200 4494
::1 - - [10/Mar/2025:09:05:58 +0000] "POST /phpmyadmin/index.php?route=/ HTTP/1.1" 200 4622
::1 - - [10/Mar/2025:09:06:58 +0000] "-" 408 -
